0 info it worked if it ends with ok
1 verbose cli [ 'C:\\Program Files\\nodejs\\node.exe',
1 verbose cli   'C:\\Users\\User\\AppData\\Roaming\\npm\\node_modules\\npm\\bin\\npm-cli.js',
1 verbose cli   'start' ]
2 info using npm@3.5.3
3 info using node@v4.4.3
4 verbose run-script [ 'prestart', 'start', 'poststart' ]
5 info lifecycle server@0.0.0~prestart: server@0.0.0
6 silly lifecycle server@0.0.0~prestart: no script for prestart, continuing
7 info lifecycle server@0.0.0~start: server@0.0.0
8 verbose lifecycle server@0.0.0~start: unsafe-perm in lifecycle true
9 verbose lifecycle server@0.0.0~start: PATH: C:\Users\User\AppData\Roaming\npm\node_modules\npm\bin\node-gyp-bin;C:\Users\User\Desktop\Development\HTML\Shared\server\node_modules\.bin;c:\program files (x86)\graphicsmagick-1.3.25-q16;C:\Program Files\ImageMagick-7.0.3-Q16;C:\Python27\;C:\Python27\Scripts;C:\ProgramData\Oracle\Java\javapath;C:\Program Files (x86)\Intel\iCLS Client\;C:\Program Files\Intel\iCLS Client\;C:\Program Files (x86)\NVIDIA Corporation\PhysX\Common;C:\WINDOWS\system32;C:\WINDOWS;C:\WINDOWS\System32\Wbem;C:\WINDOWS\System32\WindowsPowerShell\v1.0\;C:\Program Files\Intel\Intel(R) Management Engine Components\DAL;C:\Program Files\Intel\Intel(R) Management Engine Components\IPT;C:\Program Files (x86)\Intel\Intel(R) Management Engine Components\DAL;C:\Program Files (x86)\Intel\Intel(R) Management Engine Components\IPT; C:\Program Files\Java\jdk1.8.0_60\bin;C:\Program Files\Git\cmd;C:\Users\User\.dnx\bin;C:\Program Files\Microsoft DNX\Dnvm\;C:\Program Files\Microsoft SQL Server\120\Tools\Binn\;C:\Program Files (x86)\Windows Kits\8.1\Windows Performance Toolkit\;C:\Program Files (x86)\Skype\Phone\;C:\Program Files\nodejs\;C:\Program Files (x86)\PuTTY\;C:\Program Files (x86)\CloudFoundry;C:\Program Files\IBM\Bluemix\bin;C:\Go\bin;C:\Ruby200-x64\bin;C:\Users\User\AppData\Local\Programs\Python\Python35-32\Scripts\;C:\Users\User\AppData\Local\Programs\Python\Python35-32\;C:\Users\User\AppData\Local\atom\bin;C:\Program Files (x86)\Microsoft VS Code\bin;C:\Users\User\AppData\Roaming\npm;C:\Users\User\AppData\Local\Microsoft\WindowsApps;C:\Users\User\AppData\Local\Google\Cloud SDK\google-cloud-sdk\bin
10 verbose lifecycle server@0.0.0~start: CWD: C:\Users\User\Desktop\Development\HTML\Shared\server
11 silly lifecycle server@0.0.0~start: Args: [ '/d /s /c', 'node ./bin/www' ]
12 silly lifecycle server@0.0.0~start: Returned: code: 1  signal: null
13 info lifecycle server@0.0.0~start: Failed to exec start script
14 verbose stack Error: server@0.0.0 start: `node ./bin/www`
14 verbose stack Exit status 1
14 verbose stack     at EventEmitter.<anonymous> (C:\Users\User\AppData\Roaming\npm\node_modules\npm\lib\utils\lifecycle.js:232:16)
14 verbose stack     at emitTwo (events.js:87:13)
14 verbose stack     at EventEmitter.emit (events.js:172:7)
14 verbose stack     at ChildProcess.<anonymous> (C:\Users\User\AppData\Roaming\npm\node_modules\npm\lib\utils\spawn.js:24:14)
14 verbose stack     at emitTwo (events.js:87:13)
14 verbose stack     at ChildProcess.emit (events.js:172:7)
14 verbose stack     at maybeClose (internal/child_process.js:827:16)
14 verbose stack     at Process.ChildProcess._handle.onexit (internal/child_process.js:211:5)
15 verbose pkgid server@0.0.0
16 verbose cwd C:\Users\User\Desktop\Development\HTML\Shared\server
17 error Windows_NT 10.0.14393
18 error argv "C:\\Program Files\\nodejs\\node.exe" "C:\\Users\\User\\AppData\\Roaming\\npm\\node_modules\\npm\\bin\\npm-cli.js" "start"
19 error node v4.4.3
20 error npm  v3.5.3
21 error code ELIFECYCLE
22 error server@0.0.0 start: `node ./bin/www`
22 error Exit status 1
23 error Failed at the server@0.0.0 start script 'node ./bin/www'.
23 error Make sure you have the latest version of node.js and npm installed.
23 error If you do, this is most likely a problem with the server package,
23 error not with npm itself.
23 error Tell the author that this fails on your system:
23 error     node ./bin/www
23 error You can get information on how to open an issue for this project with:
23 error     npm bugs server
23 error Or if that isn't available, you can get their info via:
23 error     npm owner ls server
23 error There is likely additional logging output above.
24 verbose exit [ 1, true ]
